Compilación iniciada a las 16/04/2014 02:40:30 p.m..
     1>Proyecto "D:\Documentos\PUCP\9no\Pdm\DetectColor\DetectColor\DetectColor.vcxproj" en el nodo 2 (build destinos).
     1>InitializeBuildStatus:
         Se creará "Debug\DetectColor.unsuccessfulbuild" porque se especificó "AlwaysCreate".
       ClCompile:
         C:\Program Files (x86)\Microsoft Visual Studio 10.0\VC\bin\CL.exe /c /ID:\opencv\build\include\opencv2 /ID:\opencv\build\include /ID:\opencv\build\include\opencv /ZI /nologo /W3 /WX- /Od /Oy- /D _MBCS /Gm /EHsc /RTC1 /MDd /GS /fp:precise /Zc:wchar_t /Zc:forScope /Fo"Debug\\" /Fd"Debug\vc100.pdb" /Gd /TP /analyze- /errorReport:prompt Test1.cpp
         Test1.cpp
     1>d:\opencv\build\include\opencv2\flann\logger.h(66): warning C4996: 'fopen': This function or variable may be unsafe. Consider using fopen_s instead. To disable deprecation, use _CRT_SECURE_NO_WARNINGS. See online help for details.
                 c:\program files (x86)\microsoft visual studio 10.0\vc\include\stdio.h(234) : vea la declaración de 'fopen'
     1>d:\documentos\pucp\9no\pdm\detectcolor\detectcolor\test1.cpp(162): warning C4018: '<' : no coinciden signed/unsigned
     1>d:\documentos\pucp\9no\pdm\detectcolor\detectcolor\test1.cpp(172): warning C4018: '<' : no coinciden signed/unsigned
     1>d:\documentos\pucp\9no\pdm\detectcolor\detectcolor\test1.cpp(200): warning C4244: 'argumento' : conversión de 'double' a 'int'; posible pérdida de datos
     1>d:\documentos\pucp\9no\pdm\detectcolor\detectcolor\test1.cpp(200): warning C4244: 'argumento' : conversión de 'double' a 'int'; posible pérdida de datos
     1>d:\documentos\pucp\9no\pdm\detectcolor\detectcolor\test1.cpp(246): warning C4018: '<' : no coinciden signed/unsigned
     1>d:\documentos\pucp\9no\pdm\detectcolor\detectcolor\test1.cpp(288): warning C4018: '<' : no coinciden signed/unsigned
     1>d:\documentos\pucp\9no\pdm\detectcolor\detectcolor\test1.cpp(300): warning C4018: '<' : no coinciden signed/unsigned
       Link:
         C:\Program Files (x86)\Microsoft Visual Studio 10.0\VC\bin\link.exe /ERRORREPORT:PROMPT /OUT:"D:\Documentos\PUCP\9no\Pdm\DetectColor\Debug\DetectColor.exe" /NOLOGO /LIBPATH:D:\opencv\build\x86\vc10\bin /LIBPATH:D:\opencv\build\x86\vc10\lib opencv_core248d.lib opencv_imgproc248d.lib opencv_highgui248d.lib opencv_ml248d.lib opencv_video248d.lib opencv_features2d248d.lib opencv_calib3d248d.lib opencv_objdetect248d.lib opencv_contrib248d.lib opencv_legacy248d.lib opencv_flann248d.lib kernel32.lib user32.lib gdi32.lib winspool.lib comdlg32.lib advapi32.lib shell32.lib ole32.lib oleaut32.lib uuid.lib odbc32.lib odbccp32.lib /MANIFEST /ManifestFile:"Debug\DetectColor.exe.intermediate.manifest" /MANIFESTUAC:"level='asInvoker' uiAccess='false'" /DEBUG /PDB:"D:\Documentos\PUCP\9no\Pdm\DetectColor\Debug\DetectColor.pdb" /TLBID:1 /DYNAMICBASE /NXCOMPAT /IMPLIB:"D:\Documentos\PUCP\9no\Pdm\DetectColor\Debug\DetectColor.lib" /MACHINE:X86 Debug\Test1.obj
         LINK : no se encontró D:\Documentos\PUCP\9no\Pdm\DetectColor\Debug\DetectColor.exe o no lo generó el último vínculo incremental; ejecutando vínculo completo
         DetectColor.vcxproj -> D:\Documentos\PUCP\9no\Pdm\DetectColor\Debug\DetectColor.exe
       Manifest:
         C:\Program Files (x86)\Microsoft SDKs\Windows\v7.0A\bin\mt.exe /nologo /verbose /outputresource:"D:\Documentos\PUCP\9no\Pdm\DetectColor\Debug\DetectColor.exe;#1" /manifest Debug\DetectColor.exe.intermediate.manifest
       FinalizeBuildStatus:
         Se eliminará el archivo "Debug\DetectColor.unsuccessfulbuild".
         Aplicando tarea Touch a "Debug\DetectColor.lastbuildstate".
     1>Compilación del proyecto terminada "D:\Documentos\PUCP\9no\Pdm\DetectColor\DetectColor\DetectColor.vcxproj" (build destinos).

Compilación correcta.

Tiempo transcurrido 00:00:05.01
